#
# There is insufficient memory for the Java Runtime Environment to continue.
# Native memory allocation (mmap) failed to map 268435456 bytes. Error detail: G1 virtual space
# Possible reasons:
#   The system is out of physical RAM or swap space
#   This process is running with CompressedOops enabled, and the Java Heap may be blocking the growth of the native heap
# Possible solutions:
#   Reduce memory load on the system
#   Increase physical memory or swap space
#   Check if swap backing store is full
#   Decrease Java heap size (-Xmx/-Xms)
#   Decrease number of Java threads
#   Decrease Java thread stack sizes (-Xss)
#   Set larger code cache with -XX:ReservedCodeCacheSize=
#   JVM is running with Unscaled Compressed Oops mode in which the Java heap is
#     placed in the first 4GB address space. The Java Heap base address is the
#     maximum limit for the native heap growth. Please use -XX:HeapBaseMinAddress
#     to set the Java Heap base and to place the Java Heap above 4GB virtual address.
# This output file may be truncated or incomplete.
#
#  Out of Memory Error (os_windows.cpp:3613), pid=37560, tid=13276
#
# JRE version:  (17.0.12+7) (build )
# Java VM: OpenJDK 64-Bit Server VM (17.0.12+7, mixed mode, sharing, tiered, compressed oops, compressed class ptrs, g1 gc, windows-amd64)
# No core dump will be written. Minidumps are not enabled by default on client versions of Windows
#

---------------  S U M M A R Y ------------

Command Line: -Xms256m -Xmx2048m c:\Users\charl\.vscode\extensions\nicolasvuillamy.vscode-groovy-lint-3.3.1\server\node_modules\npm-groovy-lint\lib/java/CodeNarcServer.jar --server

Host: Intel(R) Core(TM) i5-8265U CPU @ 1.60GHz, 8 cores, 7G,  Windows 11 , 64 bit Build 22621 (10.0.22621.3958)
Time: Thu Oct 31 22:28:17 2024  Windows 11 , 64 bit Build 22621 (10.0.22621.3958) elapsed time: 0.029953 seconds (0d 0h 0m 0s)

---------------  T H R E A D  ---------------

Current thread (0x0000013e20d77510):  JavaThread "Unknown thread" [_thread_in_vm, id=13276, stack(0x0000003696d00000,0x0000003696e00000)]

Stack: [0x0000003696d00000,0x0000003696e00000]
Native frames: (J=compiled Java code, j=interpreted, Vv=VM code, C=native code)
V  [jvm.dll+0x67f929]
V  [jvm.dll+0x8371ba]
V  [jvm.dll+0x838c7e]
V  [jvm.dll+0x8392e3]
V  [jvm.dll+0x24834f]
V  [jvm.dll+0x67c6e9]
V  [jvm.dll+0x6711aa]
V  [jvm.dll+0x307f7b]
V  [jvm.dll+0x30f476]
V  [jvm.dll+0x35f63e]
V  [jvm.dll+0x35f87f]
V  [jvm.dll+0x2def9c]
V  [jvm.dll+0x2dfef4]
V  [jvm.dll+0x808a4b]
V  [jvm.dll+0x36d3b1]
V  [jvm.dll+0x7e7425]
V  [jvm.dll+0x3f0edf]
V  [jvm.dll+0x3f2a31]
C  [jli.dll+0x528f]
C  [ucrtbase.dll+0x29333]
C  [KERNEL32.DLL+0x1257d]
C  [ntdll.dll+0x5af08]


---------------  P R O C E S S  ---------------

Threads class SMR info:
_java_thread_list=0x00007ffd7d736f18, length=0, elements={
}

Java Threads: ( => current thread )

Other Threads:
  0x0000013e20dd4530 GCTaskThread "GC Thread#0" [stack: 0x0000003696e00000,0x0000003696f00000] [id=13336]
  0x0000013e20de6490 ConcurrentGCThread "G1 Main Marker" [stack: 0x0000003696f00000,0x0000003697000000] [id=32188]
  0x0000013e20de7650 ConcurrentGCThread "G1 Conc#0" [stack: 0x0000003697000000,0x0000003697100000] [id=16500]

[error occurred during error reporting (printing all threads), id 0xc0000005, EXCEPTION_ACCESS_VIOLATION (0xc0000005) at pc=0x00007ffd7ceef697]

VM state: not at safepoint (not fully initialized)

VM Mutex/Monitor currently owned by a thread:  ([mutex/lock_event])
[0x0000013e20d71d50] Heap_lock - owner thread: 0x0000013e20d77510

Heap address: 0x0000000080000000, size: 2048 MB, Compressed Oops mode: 32-bit

CDS archive(s) mapped at: [0x0000000000000000-0x0000000000000000-0x0000000000000000), size 0, SharedBaseAddress: 0x0000000800000000, ArchiveRelocationMode: 1.
Narrow klass base: 0x0000000000000000, Narrow klass shift: 0, Narrow klass range: 0x0

GC Precious Log:
<Empty>

Heap:
 garbage-first heap   total 0K, used 0K [0x0000000080000000, 0x0000000100000000)
  region size 1024K, 0 young (0K), 0 survivors (0K)

[error occurred during error reporting (printing heap information), id 0xc0000005, EXCEPTION_ACCESS_VIOLATION (0xc0000005) at pc=0x00007ffd7d2d8bf9]

GC Heap History (0 events):
No events

Dll operation events (1 events):
Event: 0.019 Loaded shared library C:\Users\charl\.java-caller\jre\jdk-17.0.12+7-jre\bin\java.dll

Deoptimization events (0 events):
No events

Classes loaded (0 events):
No events

Classes unloaded (0 events):
No events

Classes redefined (0 events):
No events

Internal exceptions (0 events):
No events

VM Operations (0 events):
No events

Events (0 events):
No events


Dynamic libraries:
0x00007ff6c49c0000 - 0x00007ff6c49ce000 	C:\Users\charl\.java-caller\jre\jdk-17.0.12+7-jre\bin\java.exe
0x00007ffe25b50000 - 0x00007ffe25d67000 	C:\WINDOWS\SYSTEM32\ntdll.dll
0x00007ffe23b90000 - 0x00007ffe23c54000 	C:\WINDOWS\System32\KERNEL32.DLL
0x00007ffe22f20000 - 0x00007ffe232d7000 	C:\WINDOWS\System32\KERNELBASE.dll
0x00007ffe235f0000 - 0x00007ffe23701000 	C:\WINDOWS\System32\ucrtbase.dll
0x00007ffdeec70000 - 0x00007ffdeec87000 	C:\Users\charl\.java-caller\jre\jdk-17.0.12+7-jre\bin\jli.dll
0x00007ffe25720000 - 0x00007ffe258cf000 	C:\WINDOWS\System32\USER32.dll
0x00007ffe232e0000 - 0x00007ffe23306000 	C:\WINDOWS\System32\win32u.dll
0x00007ffe256a0000 - 0x00007ffe256c9000 	C:\WINDOWS\System32\GDI32.dll
0x00007ffe234d0000 - 0x00007ffe235e8000 	C:\WINDOWS\System32\gdi32full.dll
0x00007ffe007d0000 - 0x00007ffe007eb000 	C:\Users\charl\.java-caller\jre\jdk-17.0.12+7-jre\bin\VCRUNTIME140.dll
0x00007ffe23400000 - 0x00007ffe2349a000 	C:\WINDOWS\System32\msvcp_win.dll
0x00007ffe0e820000 - 0x00007ffe0eab3000 	C:\WINDOWS\WinSxS\amd64_microsoft.windows.common-controls_6595b64144ccf1df_6.0.22621.3672_none_2713b9d173822955\COMCTL32.dll
0x00007ffe255f0000 - 0x00007ffe25697000 	C:\WINDOWS\System32\msvcrt.dll
0x00007ffe24020000 - 0x00007ffe24051000 	C:\WINDOWS\System32\IMM32.DLL
0x00007ffe1e230000 - 0x00007ffe1e23c000 	C:\Users\charl\.java-caller\jre\jdk-17.0.12+7-jre\bin\vcruntime140_1.dll
0x00007ffdeaed0000 - 0x00007ffdeaf5d000 	C:\Users\charl\.java-caller\jre\jdk-17.0.12+7-jre\bin\msvcp140.dll
0x00007ffd7cc00000 - 0x00007ffd7d86a000 	C:\Users\charl\.java-caller\jre\jdk-17.0.12+7-jre\bin\server\jvm.dll
0x00007ffe24400000 - 0x00007ffe244b2000 	C:\WINDOWS\System32\ADVAPI32.dll
0x00007ffe25380000 - 0x00007ffe25428000 	C:\WINDOWS\System32\sechost.dll
0x00007ffe234a0000 - 0x00007ffe234c8000 	C:\WINDOWS\System32\bcrypt.dll
0x00007ffe239e0000 - 0x00007ffe23af4000 	C:\WINDOWS\System32\RPCRT4.dll
0x00007ffe23880000 - 0x00007ffe238f1000 	C:\WINDOWS\System32\WS2_32.dll
0x00007ffe22c80000 - 0x00007ffe22ccd000 	C:\WINDOWS\SYSTEM32\POWRPROF.dll
0x00007ffe1e640000 - 0x00007ffe1e674000 	C:\WINDOWS\SYSTEM32\WINMM.dll
0x00007ffe18960000 - 0x00007ffe1896a000 	C:\WINDOWS\SYSTEM32\VERSION.dll
0x00007ffe22b60000 - 0x00007ffe22b73000 	C:\WINDOWS\SYSTEM32\UMPDC.dll
0x00007ffe21e70000 - 0x00007ffe21e88000 	C:\WINDOWS\SYSTEM32\kernel.appcore.dll
0x00007ffe00b00000 - 0x00007ffe00b0a000 	C:\Users\charl\.java-caller\jre\jdk-17.0.12+7-jre\bin\jimage.dll
0x00007ffe171e0000 - 0x00007ffe17412000 	C:\WINDOWS\SYSTEM32\DBGHELP.DLL
0x00007ffe23c70000 - 0x00007ffe23ffe000 	C:\WINDOWS\System32\combase.dll
0x00007ffe258d0000 - 0x00007ffe259a7000 	C:\WINDOWS\System32\OLEAUT32.dll
0x00007ffe0fa10000 - 0x00007ffe0fa42000 	C:\WINDOWS\SYSTEM32\dbgcore.DLL
0x00007ffe23380000 - 0x00007ffe233fb000 	C:\WINDOWS\System32\bcryptPrimitives.dll
0x00007ffdebb50000 - 0x00007ffdebb75000 	C:\Users\charl\.java-caller\jre\jdk-17.0.12+7-jre\bin\java.dll

dbghelp: loaded successfully - version: 4.0.5 - missing functions: none
symbol engine: initialized successfully - sym options: 0x614 - pdb path: .;C:\Users\charl\.java-caller\jre\jdk-17.0.12+7-jre\bin;C:\WINDOWS\SYSTEM32;C:\WINDOWS\WinSxS\amd64_microsoft.windows.common-controls_6595b64144ccf1df_6.0.22621.3672_none_2713b9d173822955;C:\Users\charl\.java-caller\jre\jdk-17.0.12+7-jre\bin\server

VM Arguments:
jvm_args: -Xms256m -Xmx2048m 
java_command: c:\Users\charl\.vscode\extensions\nicolasvuillamy.vscode-groovy-lint-3.3.1\server\node_modules\npm-groovy-lint\lib/java/CodeNarcServer.jar --server
java_class_path (initial): c:\Users\charl\.vscode\extensions\nicolasvuillamy.vscode-groovy-lint-3.3.1\server\node_modules\npm-groovy-lint\lib/java/CodeNarcServer.jar
Launcher Type: SUN_STANDARD

[Global flags]
     intx CICompilerCount                          = 4                                         {product} {ergonomic}
     uint ConcGCThreads                            = 2                                         {product} {ergonomic}
     uint G1ConcRefinementThreads                  = 8                                         {product} {ergonomic}
   size_t G1HeapRegionSize                         = 1048576                                   {product} {ergonomic}
    uintx GCDrainStackTargetSize                   = 64                                        {product} {ergonomic}
   size_t InitialHeapSize                          = 268435456                                 {product} {command line}
   size_t MarkStackSize                            = 4194304                                   {product} {ergonomic}
   size_t MaxHeapSize                              = 2147483648                                {product} {command line}
   size_t MinHeapDeltaBytes                        = 1048576                                   {product} {ergonomic}
   size_t MinHeapSize                              = 268435456                                 {product} {command line}
    uintx NonNMethodCodeHeapSize                   = 5839372                                {pd product} {ergonomic}
    uintx NonProfiledCodeHeapSize                  = 122909434                              {pd product} {ergonomic}
    uintx ProfiledCodeHeapSize                     = 122909434                              {pd product} {ergonomic}
    uintx ReservedCodeCacheSize                    = 251658240                              {pd product} {ergonomic}
     bool SegmentedCodeCache                       = true                                      {product} {ergonomic}
   size_t SoftMaxHeapSize                          = 2147483648                             {manageable} {ergonomic}
     bool UseCompressedClassPointers               = true                           {product lp64_product} {ergonomic}
     bool UseCompressedOops                        = true                           {product lp64_product} {ergonomic}
     bool UseG1GC                                  = true                                      {product} {ergonomic}
     bool UseLargePagesIndividualAllocation        = false                                  {pd product} {ergonomic}

Logging:
Log output configuration:
 #0: stdout all=warning uptime,level,tags
 #1: stderr all=off uptime,level,tags

Environment Variables:
JAVA_HOME=C:\Users\charl\.java-caller\jre\jdk-17.0.12+7-jre
PATH=C:\Users\charl\.java-caller\jre\jdk-17.0.12+7-jre\bin;C:\Program Files\Common Files\Oracle\Java\javapath;C:\Program Files (x86)\VMware\VMware Player\bin\;C:\ProgramData\Anaconda3;C:\ProgramData\Anaconda3\Library\mingw-w64\bin;C:\ProgramData\Anaconda3\Library\usr\bin;C:\ProgramData\Anaconda3\Library\bin;C:\ProgramData\Anaconda3\Scripts;C:\WINDOWS\system32;C:\WINDOWS;C:\WINDOWS\System32\Wbem;C:\WINDOWS\System32\WindowsPowerShell\v1.0\;C:\WINDOWS\System32\OpenSSH\;C:\Program Files\Acer ProShield\;C:\Program Files\Acer ProShield\x86;C:\Program Files\dotnet\;C:\Program Files\Microsoft SQL Server\130\Tools\Binn\;C:\Program Files\Microsoft SQL Server\Client SDK\ODBC\170\Tools\Binn\;C:\Program Files (x86)\Microsoft SQL Server\150\Tools\Binn\;C:\Program Files\Microsoft SQL Server\150\Tools\Binn\;C:\Program Files\Microsoft SQL Server\150\DTS\Binn\;C:\Program Files\Azure Data Studio\bin;C:\Program Files\Git\cmd;C:\Program Files\PuTTY\;c:\Program Files (x86)\Pulse Secure\VC142.CRT\X64\;c:\Program Files (x86)\Pulse Secure\VC142.CRT\X86\;C:\Program Files (x86)\Microsoft SQL Server\150\DTS\Binn\;C:\WINDOWS\system32;C:\WINDOWS;C:\WINDOWS\System32\Wbem;C:\WINDOWS\System32\WindowsPowerShell\v1.0\;C:\WINDOWS\System32\OpenSSH\;C:\Program Files\Microsoft VS Code\bin;C:\Program Files\Amazon\AWSCLIV2\;C:\kubectl;C:\Program Files\nodejs\;C:\Program Files\Docker\Docker\resources\bin;C:\minikube;C:\Program Files\Apache\apache-maven-3.9.9\bin;C:\Program Files\Java\jdk-21\bin;C:\Users\charl\AppData\Local\Microsoft\WindowsApps;C:\Users\charl\.dotnet\tools;C:\Program Files\Azure Data Studio\bin;C:\Users\charl\AppData\Local\Programs\Fiddler;C:\Users\charl\AppData\Local\Microsoft\WindowsApps;C:\Users\charl\.dotnet\tools;C:\charleen\terraform-bins;C:\Users\charl\AppData\Roaming\npm;C:\Users\charl\AppData\Local\Microsoft\WinGet\Packages\Helm.Helm_Microsoft.Winget.Source_8wekyb3d8bbwe\windows-amd64;
USERNAME=charleen
OS=Windows_NT
PROCESSOR_IDENTIFIER=Intel64 Family 6 Model 142 Stepping 12, GenuineIntel
TMP=C:\Users\charl\AppData\Local\Temp
TEMP=C:\Users\charl\AppData\Local\Temp



Periodic native trim disabled


---------------  S Y S T E M  ---------------

OS:
 Windows 11 , 64 bit Build 22621 (10.0.22621.3958)
OS uptime: 3 days 3:57 hours
Hyper-V role detected

CPU: total 8 (initial active 8) (4 cores per cpu, 2 threads per core) family 6 model 142 stepping 12 microcode 0xde, cx8, cmov, fxsr, ht, mmx, 3dnowpref, sse, sse2, sse3, ssse3, sse4.1, sse4.2, popcnt, lzcnt, tsc, tscinvbit, avx, avx2, aes, erms, clmul, bmi1, bmi2, adx, fma, vzeroupper, clflush, clflushopt, hv
Processor Information for all 8 processors :
  Max Mhz: 1800, Current Mhz: 1800, Mhz Limit: 1584

Memory: 4k page, system-wide physical 8042M (318M free)
TotalPageFile size 25955M (AvailPageFile size 218M)
current process WorkingSet (physical memory assigned to process): 11M, peak: 11M
current process commit charge ("private bytes"): 60M, peak: 316M

vm_info: OpenJDK 64-Bit Server VM (17.0.12+7) for windows-amd64 JRE (17.0.12+7), built on Jul 16 2024 22:08:24 by "admin" with MS VC++ 16.10 / 16.11 (VS2019)

END.
